c:\users\marco\onedrive\documentos\github\proyectocompugrafica\proyectocompugrafica\proyectocompugrafica\debug\vc143.pdb
c:\users\marco\onedrive\documentos\github\proyectocompugrafica\proyectocompugrafica\proyectocompugrafica\debug\vc143.idb
c:\users\marco\onedrive\documentos\github\proyectocompugrafica\proyectocompugrafica\proyectocompugrafica\debug\window.obj
c:\users\marco\onedrive\documentos\github\proyectocompugrafica\proyectocompugrafica\proyectocompugrafica\debug\texture.obj
c:\users\marco\onedrive\documentos\github\proyectocompugrafica\proyectocompugrafica\proyectocompugrafica\debug\spotlight.obj
c:\users\marco\onedrive\documentos\github\proyectocompugrafica\proyectocompugrafica\proyectocompugrafica\debug\sphere.obj
c:\users\marco\onedrive\documentos\github\proyectocompugrafica\proyectocompugrafica\proyectocompugrafica\debug\skybox.obj
c:\users\marco\onedrive\documentos\github\proyectocompugrafica\proyectocompugrafica\proyectocompugrafica\debug\shader_light.obj
c:\users\marco\onedrive\documentos\github\proyectocompugrafica\proyectocompugrafica\proyectocompugrafica\debug\pointlight.obj
c:\users\marco\onedrive\documentos\github\proyectocompugrafica\proyectocompugrafica\proyectocompugrafica\debug\model.obj
c:\users\marco\onedrive\documentos\github\proyectocompugrafica\proyectocompugrafica\proyectocompugrafica\debug\mesh_tn.obj
c:\users\marco\onedrive\documentos\github\proyectocompugrafica\proyectocompugrafica\proyectocompugrafica\debug\material.obj
c:\users\marco\onedrive\documentos\github\proyectocompugrafica\proyectocompugrafica\proyectocompugrafica\debug\light.obj
c:\users\marco\onedrive\documentos\github\proyectocompugrafica\proyectocompugrafica\proyectocompugrafica\debug\directionallight.obj
c:\users\marco\onedrive\documentos\github\proyectocompugrafica\proyectocompugrafica\proyectocompugrafica\debug\camera.obj
c:\users\marco\onedrive\documentos\github\proyectocompugrafica\proyectocompugrafica\proyectocompugrafica\debug\animacion20232.obj
c:\users\marco\onedrive\documentos\github\proyectocompugrafica\proyectocompugrafica\debug\proyectocompugrafica.exe
c:\users\marco\onedrive\documentos\github\proyectocompugrafica\proyectocompugrafica\proyectocompugrafica\debug\proyectocompugrafica.ilk
c:\users\marco\onedrive\documentos\github\proyectocompugrafica\proyectocompugrafica\debug\proyectocompugrafica.pdb
c:\users\marco\onedrive\documentos\github\proyectocompugrafica\proyectocompugrafica\proyectocompugrafica\debug\proyecto.5ad6d864.tlog\cl.command.1.tlog
c:\users\marco\onedrive\documentos\github\proyectocompugrafica\proyectocompugrafica\proyectocompugrafica\debug\proyecto.5ad6d864.tlog\cl.read.1.tlog
c:\users\marco\onedrive\documentos\github\proyectocompugrafica\proyectocompugrafica\proyectocompugrafica\debug\proyecto.5ad6d864.tlog\cl.write.1.tlog
c:\users\marco\onedrive\documentos\github\proyectocompugrafica\proyectocompugrafica\proyectocompugrafica\debug\proyecto.5ad6d864.tlog\link.command.1.tlog
c:\users\marco\onedrive\documentos\github\proyectocompugrafica\proyectocompugrafica\proyectocompugrafica\debug\proyecto.5ad6d864.tlog\link.read.1.tlog
c:\users\marco\onedrive\documentos\github\proyectocompugrafica\proyectocompugrafica\proyectocompugrafica\debug\proyecto.5ad6d864.tlog\link.write.1.tlog
