  Animacion20232.cpp
C:\Users\marco\OneDrive\Documentos\GitHub\proyectoCompuGrafica\proyectoCompuGrafica\proyectoCompuGrafica\Window.h(12,36): warning C4244: 'return': conversión de 'GLint' a 'GLfloat'; posible pérdida de datos
C:\Users\marco\OneDrive\Documentos\GitHub\proyectoCompuGrafica\proyectoCompuGrafica\proyectoCompuGrafica\Window.h(13,37): warning C4244: 'return': conversión de 'GLint' a 'GLfloat'; posible pérdida de datos
C:\Users\marco\OneDrive\Documentos\GitHub\proyectoCompuGrafica\proyectoCompuGrafica\proyectoCompuGrafica\Animacion20232.cpp(654,40): warning C4244: '=': conversión de 'double' a 'GLfloat'; posible pérdida de datos
C:\Users\marco\OneDrive\Documentos\GitHub\proyectoCompuGrafica\proyectoCompuGrafica\proyectoCompuGrafica\Animacion20232.cpp(656,40): warning C4244: '=': conversión de 'double' a 'GLfloat'; posible pérdida de datos
C:\Users\marco\OneDrive\Documentos\GitHub\proyectoCompuGrafica\proyectoCompuGrafica\proyectoCompuGrafica\Animacion20232.cpp(1006,2): warning C4305: 'inicializando': truncamiento de 'double' a 'GLfloat'
C:\Users\marco\OneDrive\Documentos\GitHub\proyectoCompuGrafica\proyectoCompuGrafica\proyectoCompuGrafica\Animacion20232.cpp(1082,2): warning C4305: 'inicializando': truncamiento de 'double' a 'GLfloat'
C:\Users\marco\OneDrive\Documentos\GitHub\proyectoCompuGrafica\proyectoCompuGrafica\proyectoCompuGrafica\Animacion20232.cpp(1730,23): warning C4305: '=': truncamiento de 'double' a 'float'
C:\Users\marco\OneDrive\Documentos\GitHub\proyectoCompuGrafica\proyectoCompuGrafica\proyectoCompuGrafica\Animacion20232.cpp(1741,27): warning C4305: '=': truncamiento de 'double' a 'float'
C:\Users\marco\OneDrive\Documentos\GitHub\proyectoCompuGrafica\proyectoCompuGrafica\proyectoCompuGrafica\Animacion20232.cpp(1779,15): warning C4244: 'inicializando': conversión de 'double' a 'GLfloat'; posible pérdida de datos
C:\Users\marco\OneDrive\Documentos\GitHub\proyectoCompuGrafica\proyectoCompuGrafica\proyectoCompuGrafica\Animacion20232.cpp(1781,33): warning C4244: '+=': conversión de 'double' a 'GLfloat'; posible pérdida de datos
C:\Users\marco\OneDrive\Documentos\GitHub\proyectoCompuGrafica\proyectoCompuGrafica\proyectoCompuGrafica\Animacion20232.cpp(1939,26): warning C4244: '+=': conversión de 'double' a 'float'; posible pérdida de datos
C:\Users\marco\OneDrive\Documentos\GitHub\proyectoCompuGrafica\proyectoCompuGrafica\proyectoCompuGrafica\Animacion20232.cpp(1946,26): warning C4244: '+=': conversión de 'double' a 'float'; posible pérdida de datos
C:\Users\marco\OneDrive\Documentos\GitHub\proyectoCompuGrafica\proyectoCompuGrafica\proyectoCompuGrafica\Animacion20232.cpp(1960,26): warning C4244: '-=': conversión de 'double' a 'float'; posible pérdida de datos
C:\Users\marco\OneDrive\Documentos\GitHub\proyectoCompuGrafica\proyectoCompuGrafica\proyectoCompuGrafica\Animacion20232.cpp(1967,26): warning C4244: '-=': conversión de 'double' a 'float'; posible pérdida de datos
C:\Users\marco\OneDrive\Documentos\GitHub\proyectoCompuGrafica\proyectoCompuGrafica\proyectoCompuGrafica\Animacion20232.cpp(2008,10): warning C4804: '>': uso no seguro del tipo 'bool' en la operación
C:\Users\marco\OneDrive\Documentos\GitHub\proyectoCompuGrafica\proyectoCompuGrafica\proyectoCompuGrafica\Animacion20232.cpp(2054,10): warning C4804: '>': uso no seguro del tipo 'bool' en la operación
C:\Users\marco\OneDrive\Documentos\GitHub\proyectoCompuGrafica\proyectoCompuGrafica\proyectoCompuGrafica\Animacion20232.cpp(2283,20): warning C4244: '+=': conversión de 'double' a 'float'; posible pérdida de datos
C:\Users\marco\OneDrive\Documentos\GitHub\proyectoCompuGrafica\proyectoCompuGrafica\proyectoCompuGrafica\Animacion20232.cpp(2294,20): warning C4244: '+=': conversión de 'double' a 'float'; posible pérdida de datos
C:\Users\marco\OneDrive\Documentos\GitHub\proyectoCompuGrafica\proyectoCompuGrafica\proyectoCompuGrafica\Animacion20232.cpp(2313,20): warning C4244: '-=': conversión de 'double' a 'float'; posible pérdida de datos
C:\Users\marco\OneDrive\Documentos\GitHub\proyectoCompuGrafica\proyectoCompuGrafica\proyectoCompuGrafica\Animacion20232.cpp(2324,20): warning C4244: '-=': conversión de 'double' a 'float'; posible pérdida de datos
C:\Users\marco\OneDrive\Documentos\GitHub\proyectoCompuGrafica\proyectoCompuGrafica\proyectoCompuGrafica\Animacion20232.cpp(2552,60): warning C4244: '=': conversión de 'double' a 'float'; posible pérdida de datos
C:\Users\marco\OneDrive\Documentos\GitHub\proyectoCompuGrafica\proyectoCompuGrafica\proyectoCompuGrafica\Animacion20232.cpp(2562,60): warning C4244: '=': conversión de 'double' a 'float'; posible pérdida de datos
C:\Users\marco\OneDrive\Documentos\GitHub\proyectoCompuGrafica\proyectoCompuGrafica\proyectoCompuGrafica\Animacion20232.cpp(2760,20): warning C4305: '+=': truncamiento de 'double' a 'float'
  Window.cpp
C:\Users\marco\OneDrive\Documentos\GitHub\proyectoCompuGrafica\proyectoCompuGrafica\proyectoCompuGrafica\Window.h(12,36): warning C4244: 'return': conversión de 'GLint' a 'GLfloat'; posible pérdida de datos
C:\Users\marco\OneDrive\Documentos\GitHub\proyectoCompuGrafica\proyectoCompuGrafica\proyectoCompuGrafica\Window.h(13,37): warning C4244: 'return': conversión de 'GLint' a 'GLfloat'; posible pérdida de datos
C:\Users\marco\OneDrive\Documentos\GitHub\proyectoCompuGrafica\proyectoCompuGrafica\proyectoCompuGrafica\Window.cpp(262,22): warning C4244: '=': conversión de 'double' a 'GLfloat'; posible pérdida de datos
C:\Users\marco\OneDrive\Documentos\GitHub\proyectoCompuGrafica\proyectoCompuGrafica\proyectoCompuGrafica\Window.cpp(263,22): warning C4244: '=': conversión de 'double' a 'GLfloat'; posible pérdida de datos
C:\Users\marco\OneDrive\Documentos\GitHub\proyectoCompuGrafica\proyectoCompuGrafica\proyectoCompuGrafica\Window.cpp(267,28): warning C4244: '=': conversión de 'double' a 'GLfloat'; posible pérdida de datos
C:\Users\marco\OneDrive\Documentos\GitHub\proyectoCompuGrafica\proyectoCompuGrafica\proyectoCompuGrafica\Window.cpp(268,40): warning C4244: '=': conversión de 'double' a 'GLfloat'; posible pérdida de datos
C:\Users\marco\OneDrive\Documentos\GitHub\proyectoCompuGrafica\proyectoCompuGrafica\proyectoCompuGrafica\Window.cpp(270,21): warning C4244: '=': conversión de 'double' a 'GLfloat'; posible pérdida de datos
C:\Users\marco\OneDrive\Documentos\GitHub\proyectoCompuGrafica\proyectoCompuGrafica\proyectoCompuGrafica\Window.cpp(271,21): warning C4244: '=': conversión de 'double' a 'GLfloat'; posible pérdida de datos
  Generando código...
C:\Users\marco\OneDrive\Documentos\GitHub\proyectoCompuGrafica\proyectoCompuGrafica\proyectoCompuGrafica\Window.cpp(93): warning C4715: 'Window::Initialise': no todas las rutas de acceso de control devuelven un valor
  LINK : no se encontró C:\Users\marco\OneDrive\Documentos\GitHub\proyectoCompuGrafica\proyectoCompuGrafica\Debug\proyectoCompuGrafica.exe o no lo generó el último vínculo incremental; ejecutando vínculo completo
LINK : warning LNK4098: la biblioteca predeterminada'MSVCRT' entra en conflicto con otras bibliotecas; use la biblioteca /NODEFAULTLIB:biblioteca
  proyectoCompuGrafica.vcxproj -> C:\Users\marco\OneDrive\Documentos\GitHub\proyectoCompuGrafica\proyectoCompuGrafica\Debug\proyectoCompuGrafica.exe
